(qe-fusion) chrisjihee@ptlm3:~/proj/qe-fusion$ python score_outs.py --model nllb-1.3b --lp en-de --cands_pool 5 --generation sample-t0.6 --criterion cometqe/cometqe-fusion-beam5-kbest0  --metrics bleu chrf comet bleurt
/home/chrisjihee/miniforge3/envs/qe-fusion/lib/python3.10/site-packages/transformers/utils/generic.py:441: FutureWarning: `torch.utils._pytree._register_pytree_node` is deprecated. Please use `torch.utils._pytree.register_pytree_node` instead.
  _torch_pytree._register_pytree_node(
/home/chrisjihee/miniforge3/envs/qe-fusion/lib/python3.10/site-packages/transformers/utils/generic.py:309: FutureWarning: `torch.utils._pytree._register_pytree_node` is deprecated. Please use `torch.utils._pytree.register_pytree_node` instead.
  _torch_pytree._register_pytree_node(
/home/chrisjihee/miniforge3/envs/qe-fusion/lib/python3.10/site-packages/transformers/utils/generic.py:309: FutureWarning: `torch.utils._pytree._register_pytree_node` is deprecated. Please use `torch.utils._pytree.register_pytree_node` instead.
  _torch_pytree._register_pytree_node(
2025-02-13 23:31:04.690428: E external/local_xla/xla/stream_executor/cuda/cuda_fft.cc:485] Unable to register cuFFT factory: Attempting to register factory for plugin cuFFT when one has already been registered
2025-02-13 23:31:04.710124: E external/local_xla/xla/stream_executor/cuda/cuda_dnn.cc:8454] Unable to register cuDNN factory: Attempting to register factory for plugin cuDNN when one has already been registered
2025-02-13 23:31:04.716206: E external/local_xla/xla/stream_executor/cuda/cuda_blas.cc:1452] Unable to register cuBLAS factory: Attempting to register factory for plugin cuBLAS when one has already been registered
2025-02-13 23:31:04.731005: I tensorflow/core/platform/cpu_feature_guard.cc:210] This TensorFlow binary is optimized to use available CPU instructions in performance-critical operations.
To enable the following instructions: AVX2 FMA, in other operations, rebuild TensorFlow with the appropriate compiler flags.
2025-02-13 23:31:05.474106: W tensorflow/compiler/tf2tensorrt/utils/py_utils.cc:38] TF-TRT Warning: Could not find TensorRT
---Computing BLEU scores
---number of candidates: 5
---Computing chrF scores
---number of candidates: 5
---Computing COMET scores
Fetching 5 files: 100%|████████████████████████████████████████████████████████████████████████████████████████████████████████████████████████████████████████████████████████████████████████████████████████████████████████████████████████████████████████████████████████████| 5/5 [00:00<00:00, 37991.88it/s]
Lightning automatically upgraded your loaded checkpoint from v1.8.3.post1 to v2.5.0.post0. To apply the upgrade to your files permanently, run `python -m pytorch_lightning.utilities.upgrade_checkpoint hf_models/models--Unbabel--wmt22-comet-da/snapshots/f49d328952c3470eff6bb6f545d62bfdb6e66304/checkpoints/model.ckpt`
/home/chrisjihee/miniforge3/envs/qe-fusion/lib/python3.10/site-packages/huggingface_hub/file_download.py:795: FutureWarning: `resume_download` is deprecated and will be removed in version 1.0.0. Downloads always resume when possible. If you want to force a new download, use `force_download=True`.
  warnings.warn(
Encoder model frozen.
/home/chrisjihee/miniforge3/envs/qe-fusion/lib/python3.10/site-packages/pytorch_lightning/core/saving.py:195: Found keys that are not in the model state dict but in the checkpoint: ['encoder.model.embeddings.position_ids']
---number of candidates: 5
GPU available: True (cuda), used: True
TPU available: False, using: 0 TPU cores
HPU available: False, using: 0 HPUs
You are using a CUDA device ('NVIDIA RTX A6000') that has Tensor Cores. To properly utilize them, you should set `torch.set_float32_matmul_precision('medium' | 'high')` which will trade-off precision for performance. For more details, read https://pytorch.org/docs/stable/generated/torch.set_float32_matmul_precision.html#torch.set_float32_matmul_precision
LOCAL_RANK: 0 - CUDA_VISIBLE_DEVICES: [0,1,2,3]
Predicting: 0it [00:00, ?it/s]huggingface/tokenizers: The current process just got forked, after parallelism has already been used. Disabling parallelism to avoid deadlocks...
To disable this warning, you can either:
        - Avoid using `tokenizers` before the fork if possible
        - Explicitly set the environment variable TOKENIZERS_PARALLELISM=(true | false)
huggingface/tokenizers: The current process just got forked, after parallelism has already been used. Disabling parallelism to avoid deadlocks...
To disable this warning, you can either:
        - Avoid using `tokenizers` before the fork if possible
        - Explicitly set the environment variable TOKENIZERS_PARALLELISM=(true | false)
Predicting DataLoader 0: 100%|██████████████████████████████████████████████████████████████████████████████████████████████████████████████████████████████████████████████████████████████████████████████████████████████████████████████████████████████████████████████████████| 11/11 [00:16<00:00,  1.54s/it]
---- bleu ----
5 BLEU = 26.82 57.4/32.5/20.5/13.5 (BP = 1.000 ratio = 1.053 hyp_len = 60620 ref_len = 57579)
---- chrf ----
5 chrF2 = 58.57
---- comet ----
5 0.8707533104601767
---Computing BLEURT scores
Reading checkpoint bleurt/BLEURT-20.
Config file found, reading.
Will load checkpoint BLEURT-20
Loads full paths and checks that files exists.
... name:BLEURT-20
... bert_config_file:bert_config.json
... max_seq_length:512
... vocab_file:None
... do_lower_case:None
... sp_model:sent_piece
... dynamic_seq_length:True
Creating BLEURT scorer.
Creating SentencePiece tokenizer.
Creating SentencePiece tokenizer.
Will load model: bleurt/BLEURT-20/sent_piece.model.
SentencePiece tokenizer created.
Creating Eager Mode predictor.
Loading model.
WARNING: All log messages before absl::InitializeLog() is called are written to STDERR
I0000 00:00:1739457099.918478 1297964 cuda_executor.cc:1015] successful NUMA node read from SysFS had negative value (-1), but there must be at least one NUMA node, so returning NUMA node zero. See more at https://github.com/torvalds/linux/blob/v6.0/Documentation/ABI/testing/sysfs-bus-pci#L344-L355
I0000 00:00:1739457099.920458 1297964 cuda_executor.cc:1015] successful NUMA node read from SysFS had negative value (-1), but there must be at least one NUMA node, so returning NUMA node zero. See more at https://github.com/torvalds/linux/blob/v6.0/Documentation/ABI/testing/sysfs-bus-pci#L344-L355
I0000 00:00:1739457099.922718 1297964 cuda_executor.cc:1015] successful NUMA node read from SysFS had negative value (-1), but there must be at least one NUMA node, so returning NUMA node zero. See more at https://github.com/torvalds/linux/blob/v6.0/Documentation/ABI/testing/sysfs-bus-pci#L344-L355
I0000 00:00:1739457099.925185 1297964 cuda_executor.cc:1015] successful NUMA node read from SysFS had negative value (-1), but there must be at least one NUMA node, so returning NUMA node zero. See more at https://github.com/torvalds/linux/blob/v6.0/Documentation/ABI/testing/sysfs-bus-pci#L344-L355
2025-02-13 23:31:39.930035: W tensorflow/core/common_runtime/gpu/gpu_device.cc:2343] Cannot dlopen some GPU libraries. Please make sure the missing libraries mentioned above are installed properly if you would like to use GPU. Follow the guide at https://www.tensorflow.org/install/gpu for how to download and setup the required libraries for your platform.
Skipping registering GPU devices...
Fingerprint not found. Saved model loading will continue.
path_and_singleprint metric could not be logged. Saved model loading will continue.
BLEURT initialized.
---number of candidates: 5
5 0.7628854576213803
(qe-fusion) chrisjihee@ptlm3:~/proj/qe-fusion$
